<?xml version="1.0" encoding="UTF-8"?>
<!-- Generated by org.testng.reporters.JUnitXMLReporter -->
<testsuite ignored="8" hostname="DESKTOP-6VONML0" failures="0" tests="5" name="chrome" time="136.876" errors="0" timestamp="2022-05-20T12:02:20 IST">
  <testcase classname="Com.vtiger.contacts.Tc31to35Test.CreatecontactMailMergeTest" name="createContactTc34" time="13.517"/>
  <testcase classname="Com.vtiger.organizationTest.CreateOrganizationWithIndustryAndTypeTest" name="createorganization" time="17.958"/>
  <testcase classname="Com.vtiger.contacts.Tc31to35Test.CreateContactTemplatefileTest" name="contactTc35" time="13.793"/>
  <testcase classname="Com.vtiger.productTest.CreateProductTest" name="createProduct" time="15.75"/>
  <testcase classname="Com.vtiger.contactsTest.CreateContactTest" name="createContactTest" time="16.935"/>
  <testcase classname="Com.sdet34l1.genericUtilty.BaseClass" name="@BeforeSuite beforeSuite1Test" time="0.0">
    <ignored/>
  </testcase> <!-- @BeforeSuite beforeSuite1Test -->
  <testcase classname="Com.sdet34l1.genericUtilty.BaseClass" name="@BeforeSuite beforeSuite1Test" time="0.0">
    <ignored/>
  </testcase> <!-- @BeforeSuite beforeSuite1Test -->
  <testcase classname="Com.sdet34l1.genericUtilty.BaseClass" name="@BeforeSuite beforeSuite1Test" time="0.0">
    <ignored/>
  </testcase> <!-- @BeforeSuite beforeSuite1Test -->
  <testcase classname="Com.sdet34l1.genericUtilty.BaseClass" name="@BeforeSuite beforeSuite1Test" time="0.0">
    <ignored/>
  </testcase> <!-- @BeforeSuite beforeSuite1Test -->
  <testcase classname="Com.sdet34l1.genericUtilty.BaseClass" name="@AfterSuite afterSuite1Test" time="0.0">
    <ignored/>
  </testcase> <!-- @AfterSuite afterSuite1Test -->
  <testcase classname="Com.sdet34l1.genericUtilty.BaseClass" name="@AfterSuite afterSuite1Test" time="0.0">
    <ignored/>
  </testcase> <!-- @AfterSuite afterSuite1Test -->
  <testcase classname="Com.sdet34l1.genericUtilty.BaseClass" name="@AfterSuite afterSuite1Test" time="0.0">
    <ignored/>
  </testcase> <!-- @AfterSuite afterSuite1Test -->
  <testcase classname="Com.sdet34l1.genericUtilty.BaseClass" name="@AfterSuite afterSuite1Test" time="0.0">
    <ignored/>
  </testcase> <!-- @AfterSuite afterSuite1Test -->
</testsuite> <!-- chrome -->
