<?xml version="1.0" encoding="UTF-8"?>
<!-- Generated by org.testng.reporters.JUnitXMLReporter -->
<testsuite ignored="8" hostname="DESKTOP-6VONML0" failures="0" tests="5" name="Test1" time="102.194" errors="0" timestamp="2022-05-20T15:35:39 IST">
  <testcase classname="Com.vtiger.contacts.Tc31to35Test.CreatecontactMailMergeTest" name="createContactTc34" time="12.42"/>
  <testcase classname="Com.vtiger.organizationTest.CreateOrganizationWithIndustryAndTypeTest" name="createorganization" time="12.319"/>
  <testcase classname="Com.vtiger.contacts.Tc31to35Test.CreateContactTemplatefileTest" name="contactTc35" time="12.154"/>
  <testcase classname="Com.vtiger.productTest.CreateProductTest" name="createProduct" time="11.514"/>
  <testcase classname="Com.vtiger.contactsTest.CreateContactTest" name="createContactTest" time="12.827"/>
  <testcase classname="Com.sdet34l1.genericUtilty.BaseClass" name="@BeforeSuite beforeSuite1Test" time="0.0">
    <ignored/>
  </testcase> <!-- @BeforeSuite beforeSuite1Test -->
  <testcase classname="Com.sdet34l1.genericUtilty.BaseClass" name="@BeforeSuite beforeSuite1Test" time="0.0">
    <ignored/>
  </testcase> <!-- @BeforeSuite beforeSuite1Test -->
  <testcase classname="Com.sdet34l1.genericUtilty.BaseClass" name="@BeforeSuite beforeSuite1Test" time="0.0">
    <ignored/>
  </testcase> <!-- @BeforeSuite beforeSuite1Test -->
  <testcase classname="Com.sdet34l1.genericUtilty.BaseClass" name="@BeforeSuite beforeSuite1Test" time="0.0">
    <ignored/>
  </testcase> <!-- @BeforeSuite beforeSuite1Test -->
  <testcase classname="Com.sdet34l1.genericUtilty.BaseClass" name="@AfterSuite afterSuite1Test" time="0.0">
    <ignored/>
  </testcase> <!-- @AfterSuite afterSuite1Test -->
  <testcase classname="Com.sdet34l1.genericUtilty.BaseClass" name="@AfterSuite afterSuite1Test" time="0.0">
    <ignored/>
  </testcase> <!-- @AfterSuite afterSuite1Test -->
  <testcase classname="Com.sdet34l1.genericUtilty.BaseClass" name="@AfterSuite afterSuite1Test" time="0.0">
    <ignored/>
  </testcase> <!-- @AfterSuite afterSuite1Test -->
  <testcase classname="Com.sdet34l1.genericUtilty.BaseClass" name="@AfterSuite afterSuite1Test" time="0.0">
    <ignored/>
  </testcase> <!-- @AfterSuite afterSuite1Test -->
</testsuite> <!-- Test1 -->
