<?xml version="1.0" encoding="UTF-8"?>
<testng-results ignored="0" total="1" passed="1" failed="0" skipped="0">
  <reporter-output>
  </reporter-output>
  <suite started-at="2022-06-06T01:46:43 GMT-07:00" name="Default suite" finished-at="2022-06-06T01:47:23 GMT-07:00" duration-ms="40330">
    <groups>
      <group name="regression">
        <method signature="CreateContactTest.createContactTest()[pri:0, instance:Com.vtiger.contactsTest.CreateContactTest@58a4a74d]" name="createContactTest" class="Com.vtiger.contactsTest.CreateContactTest"/>
      </group> <!-- regression -->
      <group name="sanity">
        <method signature="CreateContactTest.createContactTest()[pri:0, instance:Com.vtiger.contactsTest.CreateContactTest@58a4a74d]" name="createContactTest" class="Com.vtiger.contactsTest.CreateContactTest"/>
      </group> <!-- sanity -->
    </groups>
    <test started-at="2022-06-06T01:46:43 GMT-07:00" name="Default test" finished-at="2022-06-06T01:47:23 GMT-07:00" duration-ms="40330">
      <class name="Com.vtiger.contactsTest.CreateContactTest">
        <test-method is-config="true" signature="beforeSuite1Test()[pri:0, instance:Com.vtiger.contactsTest.CreateContactTest@58a4a74d]" started-at="2022-06-06T01:46:42 GMT-07:00" name="beforeSuite1Test" finished-at="2022-06-06T01:46:43 GMT-07:00" duration-ms="969" status="PASS">
          <reporter-output>
          </reporter-output>
        </test-method> <!-- beforeSuite1Test -->
        <test-method is-config="true" signature="beforeClass1Test()[pri:0, instance:Com.vtiger.contactsTest.CreateContactTest@58a4a74d]" started-at="2022-06-06T01:46:43 GMT-07:00" name="beforeClass1Test" finished-at="2022-06-06T01:46:59 GMT-07:00" duration-ms="16225" status="PASS">
          <reporter-output>
          </reporter-output>
        </test-method> <!-- beforeClass1Test -->
        <test-method is-config="true" signature="beforeMethodTest()[pri:0, instance:Com.vtiger.contactsTest.CreateContactTest@58a4a74d]" started-at="2022-06-06T01:46:59 GMT-07:00" name="beforeMethodTest" finished-at="2022-06-06T01:47:02 GMT-07:00" duration-ms="2592" status="PASS">
          <reporter-output>
          </reporter-output>
        </test-method> <!-- beforeMethodTest -->
        <test-method signature="createContactTest()[pri:0, instance:Com.vtiger.contactsTest.CreateContactTest@58a4a74d]" started-at="2022-06-06T01:47:02 GMT-07:00" name="createContactTest" finished-at="2022-06-06T01:47:22 GMT-07:00" duration-ms="19629" status="PASS">
          <reporter-output>
          </reporter-output>
        </test-method> <!-- createContactTest -->
        <test-method is-config="true" signature="afteraMethodTest()[pri:0, instance:Com.vtiger.contactsTest.CreateContactTest@58a4a74d]" started-at="2022-06-06T01:47:22 GMT-07:00" name="afteraMethodTest" finished-at="2022-06-06T01:47:23 GMT-07:00" duration-ms="1474" status="PASS">
          <reporter-output>
          </reporter-output>
        </test-method> <!-- afteraMethodTest -->
        <test-method is-config="true" signature="afterClass1Test()[pri:0, instance:Com.vtiger.contactsTest.CreateContactTest@58a4a74d]" started-at="2022-06-06T01:47:23 GMT-07:00" name="afterClass1Test" finished-at="2022-06-06T01:47:23 GMT-07:00" duration-ms="117" status="PASS">
          <reporter-output>
          </reporter-output>
        </test-method> <!-- afterClass1Test -->
        <test-method is-config="true" signature="afterSuite1Test()[pri:0, instance:Com.vtiger.contactsTest.CreateContactTest@58a4a74d]" started-at="2022-06-06T01:47:23 GMT-07:00" name="afterSuite1Test" finished-at="2022-06-06T01:47:23 GMT-07:00" duration-ms="0" status="PASS">
          <reporter-output>
          </reporter-output>
        </test-method> <!-- afterSuite1Test -->
      </class> <!-- Com.vtiger.contactsTest.CreateContactTest -->
    </test> <!-- Default test -->
  </suite> <!-- Default suite -->
</testng-results>
