<?xml version="1.0" encoding="UTF-8"?>
<testng-results ignored="0" total="1" passed="1" failed="0" skipped="0">
  <reporter-output>
  </reporter-output>
  <suite started-at="2022-05-31T15:45:31 IST" name="Default suite" finished-at="2022-05-31T15:46:06 IST" duration-ms="34948">
    <groups>
      <group name="sanity">
        <method signature="CreateCampignsTest.createCampaignsTest1()[pri:0, instance:Com.vtiger.campagnsTest.CreateCampignsTest@7965a51c]" name="createCampaignsTest1" class="Com.vtiger.campagnsTest.CreateCampignsTest"/>
      </group> <!-- sanity -->
    </groups>
    <test started-at="2022-05-31T15:45:31 IST" name="Default test" finished-at="2022-05-31T15:46:06 IST" duration-ms="34948">
      <class name="Com.vtiger.campagnsTest.CreateCampignsTest">
        <test-method is-config="true" signature="beforeSuite1Test()[pri:0, instance:Com.vtiger.campagnsTest.CreateCampignsTest@7965a51c]" started-at="2022-05-31T15:45:24 IST" name="beforeSuite1Test" finished-at="2022-05-31T15:45:31 IST" duration-ms="7028" status="PASS">
          <reporter-output>
          </reporter-output>
        </test-method> <!-- beforeSuite1Test -->
        <test-method is-config="true" signature="beforeClass1Test()[pri:0, instance:Com.vtiger.campagnsTest.CreateCampignsTest@7965a51c]" started-at="2022-05-31T15:45:31 IST" name="beforeClass1Test" finished-at="2022-05-31T15:45:43 IST" duration-ms="11798" status="PASS">
          <reporter-output>
          </reporter-output>
        </test-method> <!-- beforeClass1Test -->
        <test-method is-config="true" signature="beforeMethodTest()[pri:0, instance:Com.vtiger.campagnsTest.CreateCampignsTest@7965a51c]" started-at="2022-05-31T15:45:43 IST" name="beforeMethodTest" finished-at="2022-05-31T15:45:49 IST" duration-ms="5621" status="PASS">
          <reporter-output>
          </reporter-output>
        </test-method> <!-- beforeMethodTest -->
        <test-method signature="createCampaignsTest1()[pri:0, instance:Com.vtiger.campagnsTest.CreateCampignsTest@7965a51c]" started-at="2022-05-31T15:45:50 IST" name="createCampaignsTest1" finished-at="2022-05-31T15:46:04 IST" duration-ms="13459" status="PASS">
          <reporter-output>
          </reporter-output>
        </test-method> <!-- createCampaignsTest1 -->
        <test-method is-config="true" signature="afteraMethodTest()[pri:0, instance:Com.vtiger.campagnsTest.CreateCampignsTest@7965a51c]" started-at="2022-05-31T15:46:04 IST" name="afteraMethodTest" finished-at="2022-05-31T15:46:06 IST" duration-ms="2157" status="PASS">
          <reporter-output>
          </reporter-output>
        </test-method> <!-- afteraMethodTest -->
        <test-method is-config="true" signature="afterClass1Test()[pri:0, instance:Com.vtiger.campagnsTest.CreateCampignsTest@7965a51c]" started-at="2022-05-31T15:46:06 IST" name="afterClass1Test" finished-at="2022-05-31T15:46:06 IST" duration-ms="199" status="PASS">
          <reporter-output>
          </reporter-output>
        </test-method> <!-- afterClass1Test -->
        <test-method is-config="true" signature="afterSuite1Test()[pri:0, instance:Com.vtiger.campagnsTest.CreateCampignsTest@7965a51c]" started-at="2022-05-31T15:46:06 IST" name="afterSuite1Test" finished-at="2022-05-31T15:46:06 IST" duration-ms="1" status="PASS">
          <reporter-output>
          </reporter-output>
        </test-method> <!-- afterSuite1Test -->
      </class> <!-- Com.vtiger.campagnsTest.CreateCampignsTest -->
    </test> <!-- Default test -->
  </suite> <!-- Default suite -->
</testng-results>
